<?xml version="1.0" encoding="UTF-8"?>
<!-- Generated by org.testng.reporters.JUnitReportReporter -->
<testsuite hostname="ENT18010731" failures="0" tests="2" name="APITest" time="7.757" errors="0" timestamp="2023-07-27T10:55:15 PKT" skipped="0">
  <testcase classname="APITest" name="test2" time="7.050"/>
  <system-out/>
  <testcase classname="APITest" name="test1" time="0.707"/>
  <system-out/>
</testsuite> <!-- APITest -->
