<?xml version="1.0" encoding="UTF-8"?>
<!-- Generated by org.testng.reporters.JUnitReportReporter -->
<testsuite hostname="ENT18010731" failures="0" tests="2" name="APITest" time="8.070" errors="0" timestamp="2023-07-27T13:11:50 PKT" skipped="0">
  <testcase classname="APITest" name="test2" time="7.286"/>
  <system-out/>
  <testcase classname="APITest" name="test1" time="0.784"/>
  <system-out/>
</testsuite> <!-- APITest -->
